<?xml version="1.0" encoding="UTF-8"?>
<!-- Generated by org.testng.reporters.JUnitReportReporter -->
<testsuite hostname="Aghalya_R" failures="0" tests="3" name="Learning_TestNG.Priority_Attribute" time="0.027" errors="0" timestamp="2024-09-18T14:51:18 IST" skipped="0">
  <testcase classname="Learning_TestNG.Priority_Attribute" name="register" time="0.020">
    <system-out>
      <![CDATA[User Registered in Successfully]]>
    </system-out>
  </testcase> <!-- register -->
  <testcase classname="Learning_TestNG.Priority_Attribute" name="loginTest" time="0.004">
    <system-out>
      <![CDATA[User logged in successfully]]>
    </system-out>
  </testcase> <!-- loginTest -->
  <testcase classname="Learning_TestNG.Priority_Attribute" name="cartTest" time="0.003">
    <system-out>
      <![CDATA[product added to cart Successfully]]>
    </system-out>
  </testcase> <!-- cartTest -->
  <system-out>
    <![CDATA[User Registered in Successfully
User logged in successfully
product added to cart Successfully]]>
  </system-out>
</testsuite> <!-- Learning_TestNG.Priority_Attribute -->
