<?xml version="1.0" encoding="UTF-8"?>
<!-- Generated by org.testng.reporters.JUnitReportReporter -->
<testsuite hostname="Aghalya_R" failures="0" tests="3" name="Learning_TestNG.Enabled_Attribute" time="0.015" errors="0" timestamp="2024-09-18T15:35:35 IST" skipped="1">
  <testcase classname="Learning_TestNG.Enabled_Attribute" name="loginTest" time="0.014">
    <system-out>
      <![CDATA[User logged in successfully]]>
    </system-out>
  </testcase> <!-- loginTest -->
  <testcase classname="Learning_TestNG.Enabled_Attribute" name="cartTest" time="0.001">
    <system-out>
      <![CDATA[product added to cart Successfully]]>
    </system-out>
  </testcase> <!-- cartTest -->
  <testcase classname="Learning_TestNG.Enabled_Attribute" name="registerTest">
    <skipped/>
  </testcase> <!-- registerTest -->
  <system-out>
    <![CDATA[User logged in successfully
product added to cart Successfully]]>
  </system-out>
</testsuite> <!-- Learning_TestNG.Enabled_Attribute -->
