<?xml version="1.0" encoding="UTF-8"?>
<!-- Generated by org.testng.reporters.JUnitReportReporter -->
<testsuite hostname="Aghalya_R" failures="0" tests="6" name="Learning_TestNG.Parallel_Execution" time="98.993" errors="0" timestamp="2024-09-19T14:44:18 IST" skipped="0">
  <testcase classname="Learning_TestNG.Parallel_Execution" name="loginTest" time="16.410"/>
  <testcase classname="Learning_TestNG.Parallel_Execution" name="loginTest" time="13.793"/>
  <testcase classname="Learning_TestNG.Parallel_Execution" name="loginTest" time="14.212"/>
  <testcase classname="Learning_TestNG.Parallel_Execution" name="loginTest" time="13.806"/>
  <testcase classname="Learning_TestNG.Parallel_Execution" name="loginTest" time="20.377"/>
  <testcase classname="Learning_TestNG.Parallel_Execution" name="loginTest" time="20.395"/>
</testsuite> <!-- Learning_TestNG.Parallel_Execution -->
