<?xml version="1.0" encoding="UTF-8"?>
<!-- Generated by org.testng.reporters.JUnitReportReporter -->
<testsuite hostname="Aghalya_R" failures="0" tests="3" name="Learning_TestNG.dependsOnMethod_attribute" time="0.020" errors="0" timestamp="2024-09-18T15:19:34 IST" skipped="0">
  <testcase classname="Learning_TestNG.dependsOnMethod_attribute" name="registerTest" time="0.016">
    <system-out>
      <![CDATA[User Registered in Successfully]]>
    </system-out>
  </testcase> <!-- registerTest -->
  <testcase classname="Learning_TestNG.dependsOnMethod_attribute" name="loginTest" time="0.002">
    <system-out>
      <![CDATA[User logged in successfully]]>
    </system-out>
  </testcase> <!-- loginTest -->
  <testcase classname="Learning_TestNG.dependsOnMethod_attribute" name="cartTest" time="0.002">
    <system-out>
      <![CDATA[product added to cart Successfully]]>
    </system-out>
  </testcase> <!-- cartTest -->
  <system-out>
    <![CDATA[User Registered in Successfully
User logged in successfully
product added to cart Successfully]]>
  </system-out>
</testsuite> <!-- Learning_TestNG.dependsOnMethod_attribute -->
