<?xml version="1.0" encoding="UTF-8"?>
<!-- Generated by org.testng.reporters.JUnitReportReporter -->
<testsuite hostname="Aghalya_R" failures="0" tests="1" name="Learning_TestNG.Learning_Hard_Assert" time="10.499" errors="0" timestamp="2024-09-27T15:27:14 IST" skipped="0">
  <testcase classname="Learning_TestNG.Learning_Hard_Assert" name="logintest" time="10.499">
    <system-out>
      <![CDATA[welcome page displayed successfully..
login page displayed successfully..
user logged in successfully..]]>
    </system-out>
  </testcase> <!-- logintest -->
  <system-out>
    <![CDATA[welcome page displayed successfully..
login page displayed successfully..
user logged in successfully..]]>
  </system-out>
</testsuite> <!-- Learning_TestNG.Learning_Hard_Assert -->
