<?xml version="1.0" encoding="UTF-8"?>
<!-- Generated by org.testng.reporters.JUnitReportReporter -->
<testsuite hostname="Aghalya_R" failures="0" tests="2" name="Learning_TestNG.configuration_Annotation" time="0.034" errors="0" timestamp="2024-09-20T14:51:00 IST" skipped="0">
  <testcase classname="Learning_TestNG.configuration_Annotation" name="RemoveFromCart" time="0.011">
    <system-out>
      <![CDATA[Execute Remove From cart tes case..]]>
    </system-out>
  </testcase> <!-- RemoveFromCart -->
  <testcase classname="Learning_TestNG.configuration_Annotation" name="AddToCart" time="0.023">
    <system-out>
      <![CDATA[Execute add to cart test case..]]>
    </system-out>
  </testcase> <!-- AddToCart -->
  <system-out>
    <![CDATA[Execute before suite..
Execute Before test..
Execute Before class..
Execute before method..
Execute add to cart test case..
Execute after method.
Execute before method..
Execute Remove From cart tes case..
Execute after method.
Execute after class..
Execute after Test..
Execute after suite..]]>
  </system-out>
</testsuite> <!-- Learning_TestNG.configuration_Annotation -->
