<?xml version="1.0" encoding="UTF-8"?>
<!-- Generated by org.testng.reporters.JUnitReportReporter -->
<testsuite hostname="Aghalya_R" failures="0" tests="1" name="Learning_TestNG.Search_to_DWS" time="17.541" errors="0" timestamp="2024-09-26T15:29:39 IST" skipped="0">
  <testcase classname="Learning_TestNG.Search_to_DWS" name="searchProduct" time="17.541"/>
</testsuite> <!-- Learning_TestNG.Search_to_DWS -->
