<?xml version="1.0" encoding="UTF-8"?>
<!-- Generated by org.testng.reporters.JUnitReportReporter -->
<testsuite hostname="Aghalya_R" failures="0" tests="1" name="Learning_TestNG.First_TestNG_Class" time="0.019" errors="0" timestamp="2024-09-17T15:21:47 IST" skipped="0">
  <testcase classname="Learning_TestNG.First_TestNG_Class" name="loginTest" time="0.019">
    <system-out>
      <![CDATA[User Logged in Successfully...]]>
    </system-out>
  </testcase> <!-- loginTest -->
  <system-out>
    <![CDATA[User Logged in Successfully...]]>
  </system-out>
</testsuite> <!-- Learning_TestNG.First_TestNG_Class -->
