<?xml version="1.0" encoding="UTF-8"?>
<!-- Generated by org.testng.reporters.JUnitReportReporter -->
<testsuite hostname="Aghalya_R" failures="0" tests="1" name="Learning_TestNG.LoginTest" time="13.238" errors="0" timestamp="2024-09-18T20:44:12 IST" skipped="0">
  <testcase classname="Learning_TestNG.LoginTest" name="loginTest" time="13.238"/>
</testsuite> <!-- Learning_TestNG.LoginTest -->
